<?xml version="1.0" encoding="UTF-8"?>
<!-- Generated by org.testng.reporters.JUnitReportReporter -->
<testsuite hostname="DESKTOP-SR3L3PC" failures="2" tests="2" name="steprunner.TestRunner" time="16.290" errors="0" timestamp="2023-05-15T09:55:09 GMT-07:00" skipped="0">
  <testcase classname="steprunner.TestRunner" name="runScenario" time="11.862">
    <failure message="Login Failed expected [Facebook] but found [(1) Facebook]" type="java.lang.AssertionError">
      <![CDATA[java.lang.AssertionError: Login Failed expected [Facebook] but found [(1) Facebook]
at org.testng.Assert.fail(Assert.java:99)
at org.testng.Assert.failNotEquals(Assert.java:1037)
at org.testng.Assert.assertEqualsImpl(Assert.java:140)
at org.testng.Assert.assertEquals(Assert.java:122)
at org.testng.Assert.assertEquals(Assert.java:629)
at stepdefinition.Steps.user_should_be_logged_in(Steps.java:47)
at ✽.User should be logged in <"Facebook">(file:///C:/Users/lenovo/eclipse-workspace/CucumberPractice1/./Features/FbLogin.feature:9)
]]>
    </failure>
  </testcase> <!-- runScenario -->
  <system-out/>
  <testcase classname="steprunner.TestRunner" name="runScenario" time="4.428">
    <failure message="Login Failed expected [Facebook] but found [Facebook – log in or sign up]" type="java.lang.AssertionError">
      <![CDATA[java.lang.AssertionError: Login Failed expected [Facebook] but found [Facebook – log in or sign up]
at org.testng.Assert.fail(Assert.java:99)
at org.testng.Assert.failNotEquals(Assert.java:1037)
at org.testng.Assert.assertEqualsImpl(Assert.java:140)
at org.testng.Assert.assertEquals(Assert.java:122)
at org.testng.Assert.assertEquals(Assert.java:629)
at stepdefinition.Steps.user_should_be_logged_in(Steps.java:47)
at ✽.User should be logged in <"Facebook">(file:///C:/Users/lenovo/eclipse-workspace/CucumberPractice1/./Features/FbLogin.feature:9)
]]>
    </failure>
  </testcase> <!-- runScenario -->
  <system-out/>
</testsuite> <!-- steprunner.TestRunner -->
